<?xml version="1.0" encoding="UTF-8"?>
<!-- Generated by org.testng.reporters.JUnitXMLReporter -->
<testsuite ignored="0" hostname="DESKTOP-V40BG9Q" failures="1" tests="3" name="Test" time="61.004" errors="0" timestamp="16 Feb 2021 18:07:45 GMT">
  <testcase classname="testsscripts.Facebooklike" name="like" time="7.577"/>
  <testcase classname="testsscripts.AddingtoCart" name="addingtoCart" time="6.026"/>
  <testcase classname="testsscripts.Takecourse" name="takejavaCourse" time="9.653">
    <failure type="org.openqa.selenium.ElementClickInterceptedException" message="element click intercepted: Element &amp;lt;iframe src=&amp;quot;https://player.vimeo.com/video/356464956&amp;quot; width=&amp;quot;600&amp;quot; height=&amp;quot;300&amp;quot; frameborder=&amp;quot;0&amp;quot; allow=&amp;quot;autoplay; fullscreen&amp;quot; allowfullscreen=&amp;quot;&amp;quot; cd_frame_id_=&amp;quot;b053ca2101d61305ac4dafd26ca29d23&amp;quot;&amp;gt;&amp;lt;/iframe&amp;gt; is not clickable at point (318, 498). Other element would receive the click: &amp;lt;strong&amp;gt;...&amp;lt;/strong&amp;gt;
  (Session info: chrome=88.0.4324.150)
Build info: version: &amp;apos;3.141.59&amp;apos;, revision: &amp;apos;e82be7d358&amp;apos;, time: &amp;apos;2018-11-14T08:17:03&amp;apos;
System info: host: &amp;apos;DESKTOP-V40BG9Q&amp;apos;, ip: &amp;apos;10.0.0.14&amp;apos;, os.name: &amp;apos;Windows 10&amp;apos;, os.arch: &amp;apos;amd64&amp;apos;, os.version: &amp;apos;10.0&amp;apos;, java.version: &amp;apos;15.0.1&amp;apos;
Driver info: org.openqa.selenium.chrome.ChromeDriver
Capabilities {acceptInsecureCerts: false, browserName: chrome, browserVersion: 88.0.4324.150, chrome: {chromedriverVersion: 87.0.4280.88 (89e2380a3e36c..., userDataDir: C:\Users\mahin\AppData\Loca...}, goog:chromeOptions: {debuggerAddress: localhost:52765}, javascriptEnabled: true, networkConnectionEnabled: false, pageLoadStrategy: normal, platform: WINDOWS, platformName: WINDOWS, proxy: Proxy(), setWindowRect: true, strictFileInteractability: false, timeouts: {implicit: 0, pageLoad: 300000, script: 30000}, unhandledPromptBehavior: dismiss and notify, webauthn:virtualAuthenticators: true}
Session ID: 4ab6db1a87f5cb279132764966f69dc2">
      <![CDATA[org.openqa.selenium.ElementClickInterceptedException: element click intercepted: Element <iframe src="https://player.vimeo.com/video/356464956" width="600" height="300" frameborder="0" allow="autoplay; fullscreen" allowfullscreen="" cd_frame_id_="b053ca2101d61305ac4dafd26ca29d23"></iframe> is not clickable at point (318, 498). Other element would receive the click: <strong>...</strong>
  (Session info: chrome=88.0.4324.150)
Build info: version: '3.141.59', revision: 'e82be7d358', time: '2018-11-14T08:17:03'
System info: host: 'DESKTOP-V40BG9Q', ip: '10.0.0.14', os.name: 'Windows 10', os.arch: 'amd64', os.version: '10.0', java.version: '15.0.1'
Driver info: org.openqa.selenium.chrome.ChromeDriver
Capabilities {acceptInsecureCerts: false, browserName: chrome, browserVersion: 88.0.4324.150, chrome: {chromedriverVersion: 87.0.4280.88 (89e2380a3e36c..., userDataDir: C:\Users\mahin\AppData\Loca...}, goog:chromeOptions: {debuggerAddress: localhost:52765}, javascriptEnabled: true, networkConnectionEnabled: false, pageLoadStrategy: normal, platform: WINDOWS, platformName: WINDOWS, proxy: Proxy(), setWindowRect: true, strictFileInteractability: false, timeouts: {implicit: 0, pageLoad: 300000, script: 30000}, unhandledPromptBehavior: dismiss and notify, webauthn:virtualAuthenticators: true}
Session ID: 4ab6db1a87f5cb279132764966f69dc2
at org.openqa.selenium.remote.http.W3CHttpResponseCodec.createException(W3CHttpResponseCodec.java:187)
at org.openqa.selenium.remote.http.W3CHttpResponseCodec.decode(W3CHttpResponseCodec.java:122)
at org.openqa.selenium.remote.http.W3CHttpResponseCodec.decode(W3CHttpResponseCodec.java:49)
at org.openqa.selenium.remote.HttpCommandExecutor.execute(HttpCommandExecutor.java:158)
at org.openqa.selenium.remote.service.DriverCommandExecutor.execute(DriverCommandExecutor.java:83)
at org.openqa.selenium.remote.RemoteWebDriver.execute(RemoteWebDriver.java:552)
at org.openqa.selenium.remote.RemoteWebElement.execute(RemoteWebElement.java:285)
at org.openqa.selenium.remote.RemoteWebElement.click(RemoteWebElement.java:84)
at org.openqa.selenium.support.pagefactory.internal.LocatingElementHandler.invoke(LocatingElementHandler.java:51)
at com.sun.proxy.$Proxy12.click(Unknown Source)
at pompages.CoreJavaTraining.playvideo(CoreJavaTraining.java:25)
at testsscripts.Takecourse.takejavaCourse(Takecourse.java:22)
... Removed 34 stack frames]]>
    </failure>
  </testcase> <!-- takejavaCourse -->
</testsuite> <!-- Test -->
